<?xml version="1.0" encoding="UTF-8"?>
<coverage generated="1696458850105" clover="3.2.0">
  <project timestamp="1696458850105" name="All files">
    <metrics statements="46" coveredstatements="31" conditionals="49" coveredconditionals="29" methods="7" coveredmethods="3" elements="102" coveredelements="63" complexity="0" loc="46" ncloc="46" packages="1" files="1" classes="1"/>
    <file name="gilded_rose.js" path="/home/asatt003/internship_projects/Gilded_Rose/js-jest/src/gilded_rose.js">
      <metrics statements="46" coveredstatements="31" conditionals="49" coveredconditionals="29" methods="7" coveredmethods="3"/>
      <line num="3" count="10" type="stmt"/>
      <line num="4" count="10" type="stmt"/>
      <line num="5" count="10" type="stmt"/>
      <line num="6" count="10" type="stmt"/>
      <line num="10" count="0" type="cond" truecount="0" falsecount="2"/>
      <line num="11" count="0" type="stmt"/>
      <line num="12" count="0" type="cond" truecount="0" falsecount="2"/>
      <line num="13" count="0" type="stmt"/>
      <line num="14" count="0" type="cond" truecount="0" falsecount="2"/>
      <line num="15" count="0" type="stmt"/>
      <line num="16" count="0" type="cond" truecount="0" falsecount="2"/>
      <line num="17" count="0" type="stmt"/>
      <line num="22" count="0" type="cond" truecount="0" falsecount="2"/>
      <line num="23" count="0" type="stmt"/>
      <line num="25" count="0" type="stmt"/>
      <line num="29" count="0" type="cond" truecount="0" falsecount="2"/>
      <line num="33" count="0" type="cond" truecount="0" falsecount="2"/>
      <line num="39" count="10" type="stmt"/>
      <line num="43" count="10" type="stmt"/>
      <line num="44" count="10" type="stmt"/>
      <line num="45" count="10" type="stmt"/>
      <line num="46" count="10" type="stmt"/>
      <line num="48" count="10" type="cond" truecount="4" falsecount="0"/>
      <line num="49" count="4" type="cond" truecount="2" falsecount="0"/>
      <line num="50" count="3" type="cond" truecount="2" falsecount="0"/>
      <line num="51" count="2" type="stmt"/>
      <line num="55" count="6" type="cond" truecount="2" falsecount="0"/>
      <line num="56" count="5" type="stmt"/>
      <line num="57" count="5" type="cond" truecount="2" falsecount="0"/>
      <line num="58" count="4" type="cond" truecount="4" falsecount="0"/>
      <line num="59" count="3" type="stmt"/>
      <line num="61" count="4" type="cond" truecount="4" falsecount="0"/>
      <line num="62" count="2" type="stmt"/>
      <line num="68" count="10" type="cond" truecount="2" falsecount="0"/>
      <line num="69" count="9" type="stmt"/>
      <line num="71" count="10" type="cond" truecount="2" falsecount="0"/>
      <line num="72" count="2" type="cond" truecount="1" falsecount="1"/>
      <line num="73" count="2" type="cond" truecount="2" falsecount="0"/>
      <line num="74" count="1" type="cond" truecount="1" falsecount="1"/>
      <line num="75" count="1" type="cond" truecount="1" falsecount="1"/>
      <line num="76" count="1" type="stmt"/>
      <line num="80" count="1" type="stmt"/>
      <line num="83" count="0" type="cond" truecount="0" falsecount="2"/>
      <line num="84" count="0" type="stmt"/>
      <line num="90" count="10" type="stmt"/>
      <line num="94" count="1" type="stmt"/>
    </file>
  </project>
</coverage>
