{"/home/asatt003/internship_projects/Gilded_Rose/js-jest/src/gilded_rose.js": {"path":"/home/asatt003/internship_projects/Gilded_Rose/js-jest/src/gilded_rose.js","statementMap":{"0":{"start":{"line":3,"column":4},"end":{"line":3,"column":21}},"1":{"start":{"line":4,"column":4},"end":{"line":4,"column":25}},"2":{"start":{"line":5,"column":4},"end":{"line":5,"column":27}},"3":{"start":{"line":6,"column":4},"end":{"line":6,"column":19}},"4":{"start":{"line":10,"column":4},"end":{"line":18,"column":5}},"5":{"start":{"line":11,"column":6},"end":{"line":11,"column":30}},"6":{"start":{"line":12,"column":11},"end":{"line":18,"column":5}},"7":{"start":{"line":13,"column":6},"end":{"line":13,"column":34}},"8":{"start":{"line":14,"column":11},"end":{"line":18,"column":5}},"9":{"start":{"line":15,"column":6},"end":{"line":15,"column":33}},"10":{"start":{"line":16,"column":11},"end":{"line":18,"column":5}},"11":{"start":{"line":17,"column":6},"end":{"line":17,"column":35}},"12":{"start":{"line":22,"column":4},"end":{"line":24,"column":5}},"13":{"start":{"line":23,"column":6},"end":{"line":23,"column":23}},"14":{"start":{"line":25,"column":4},"end":{"line":25,"column":23}},"15":{"start":{"line":29,"column":4},"end":{"line":29,"column":51}},"16":{"start":{"line":33,"column":4},"end":{"line":33,"column":53}},"17":{"start":{"line":39,"column":4},"end":{"line":39,"column":23}},"18":{"start":{"line":43,"column":4},"end":{"line":88,"column":5}},"19":{"start":{"line":43,"column":17},"end":{"line":43,"column":18}},"20":{"start":{"line":44,"column":23},"end":{"line":44,"column":43}},"21":{"start":{"line":45,"column":24},"end":{"line":45,"column":45}},"22":{"start":{"line":46,"column":23},"end":{"line":46,"column":41}},"23":{"start":{"line":48,"column":6},"end":{"line":66,"column":7}},"24":{"start":{"line":49,"column":8},"end":{"line":53,"column":9}},"25":{"start":{"line":50,"column":10},"end":{"line":52,"column":11}},"26":{"start":{"line":51,"column":12},"end":{"line":51,"column":29}},"27":{"start":{"line":55,"column":8},"end":{"line":65,"column":9}},"28":{"start":{"line":56,"column":10},"end":{"line":56,"column":27}},"29":{"start":{"line":57,"column":10},"end":{"line":64,"column":11}},"30":{"start":{"line":58,"column":12},"end":{"line":60,"column":13}},"31":{"start":{"line":59,"column":16},"end":{"line":59,"column":33}},"32":{"start":{"line":61,"column":12},"end":{"line":63,"column":13}},"33":{"start":{"line":62,"column":16},"end":{"line":62,"column":33}},"34":{"start":{"line":68,"column":6},"end":{"line":70,"column":7}},"35":{"start":{"line":69,"column":8},"end":{"line":69,"column":24}},"36":{"start":{"line":71,"column":6},"end":{"line":87,"column":7}},"37":{"start":{"line":72,"column":8},"end":{"line":86,"column":9}},"38":{"start":{"line":73,"column":10},"end":{"line":81,"column":11}},"39":{"start":{"line":74,"column":12},"end":{"line":78,"column":13}},"40":{"start":{"line":75,"column":14},"end":{"line":77,"column":15}},"41":{"start":{"line":76,"column":16},"end":{"line":76,"column":33}},"42":{"start":{"line":80,"column":12},"end":{"line":80,"column":52}},"43":{"start":{"line":83,"column":10},"end":{"line":85,"column":11}},"44":{"start":{"line":84,"column":12},"end":{"line":84,"column":29}},"45":{"start":{"line":90,"column":4},"end":{"line":90,"column":22}},"46":{"start":{"line":94,"column":0},"end":{"line":97,"column":1}}},"fnMap":{"0":{"name":"(anonymous_0)","decl":{"start":{"line":2,"column":2},"end":{"line":2,"column":3}},"loc":{"start":{"line":2,"column":37},"end":{"line":7,"column":3}},"line":2},"1":{"name":"(anonymous_1)","decl":{"start":{"line":9,"column":2},"end":{"line":9,"column":3}},"loc":{"start":{"line":9,"column":23},"end":{"line":19,"column":3}},"line":9},"2":{"name":"(anonymous_2)","decl":{"start":{"line":21,"column":2},"end":{"line":21,"column":3}},"loc":{"start":{"line":21,"column":20},"end":{"line":26,"column":3}},"line":21},"3":{"name":"(anonymous_3)","decl":{"start":{"line":28,"column":2},"end":{"line":28,"column":3}},"loc":{"start":{"line":28,"column":26},"end":{"line":30,"column":3}},"line":28},"4":{"name":"(anonymous_4)","decl":{"start":{"line":32,"column":2},"end":{"line":32,"column":3}},"loc":{"start":{"line":32,"column":26},"end":{"line":34,"column":3}},"line":32},"5":{"name":"(anonymous_5)","decl":{"start":{"line":38,"column":2},"end":{"line":38,"column":3}},"loc":{"start":{"line":38,"column":26},"end":{"line":40,"column":3}},"line":38},"6":{"name":"(anonymous_6)","decl":{"start":{"line":42,"column":2},"end":{"line":42,"column":3}},"loc":{"start":{"line":42,"column":11},"end":{"line":91,"column":3}},"line":42}},"branchMap":{"0":{"loc":{"start":{"line":10,"column":4},"end":{"line":18,"column":5}},"type":"if","locations":[{"start":{"line":10,"column":4},"end":{"line":18,"column":5}},{"start":{"line":10,"column":4},"end":{"line":18,"column":5}}],"line":10},"1":{"loc":{"start":{"line":12,"column":11},"end":{"line":18,"column":5}},"type":"if","locations":[{"start":{"line":12,"column":11},"end":{"line":18,"column":5}},{"start":{"line":12,"column":11},"end":{"line":18,"column":5}}],"line":12},"2":{"loc":{"start":{"line":14,"column":11},"end":{"line":18,"column":5}},"type":"if","locations":[{"start":{"line":14,"column":11},"end":{"line":18,"column":5}},{"start":{"line":14,"column":11},"end":{"line":18,"column":5}}],"line":14},"3":{"loc":{"start":{"line":16,"column":11},"end":{"line":18,"column":5}},"type":"if","locations":[{"start":{"line":16,"column":11},"end":{"line":18,"column":5}},{"start":{"line":16,"column":11},"end":{"line":18,"column":5}}],"line":16},"4":{"loc":{"start":{"line":22,"column":4},"end":{"line":24,"column":5}},"type":"if","locations":[{"start":{"line":22,"column":4},"end":{"line":24,"column":5}},{"start":{"line":22,"column":4},"end":{"line":24,"column":5}}],"line":22},"5":{"loc":{"start":{"line":29,"column":4},"end":{"line":29,"column":50}},"type":"cond-expr","locations":[{"start":{"line":29,"column":24},"end":{"line":29,"column":25}},{"start":{"line":29,"column":28},"end":{"line":29,"column":50}}],"line":29},"6":{"loc":{"start":{"line":33,"column":4},"end":{"line":33,"column":52}},"type":"cond-expr","locations":[{"start":{"line":33,"column":25},"end":{"line":33,"column":27}},{"start":{"line":33,"column":30},"end":{"line":33,"column":52}}],"line":33},"7":{"loc":{"start":{"line":38,"column":14},"end":{"line":38,"column":24}},"type":"default-arg","locations":[{"start":{"line":38,"column":22},"end":{"line":38,"column":24}}],"line":38},"8":{"loc":{"start":{"line":48,"column":6},"end":{"line":66,"column":7}},"type":"if","locations":[{"start":{"line":48,"column":6},"end":{"line":66,"column":7}},{"start":{"line":48,"column":6},"end":{"line":66,"column":7}}],"line":48},"9":{"loc":{"start":{"line":48,"column":10},"end":{"line":48,"column":92}},"type":"binary-expr","locations":[{"start":{"line":48,"column":10},"end":{"line":48,"column":33}},{"start":{"line":48,"column":37},"end":{"line":48,"column":92}}],"line":48},"10":{"loc":{"start":{"line":49,"column":8},"end":{"line":53,"column":9}},"type":"if","locations":[{"start":{"line":49,"column":8},"end":{"line":53,"column":9}},{"start":{"line":49,"column":8},"end":{"line":53,"column":9}}],"line":49},"11":{"loc":{"start":{"line":50,"column":10},"end":{"line":52,"column":11}},"type":"if","locations":[{"start":{"line":50,"column":10},"end":{"line":52,"column":11}},{"start":{"line":50,"column":10},"end":{"line":52,"column":11}}],"line":50},"12":{"loc":{"start":{"line":55,"column":8},"end":{"line":65,"column":9}},"type":"if","locations":[{"start":{"line":55,"column":8},"end":{"line":65,"column":9}},{"start":{"line":55,"column":8},"end":{"line":65,"column":9}}],"line":55},"13":{"loc":{"start":{"line":57,"column":10},"end":{"line":64,"column":11}},"type":"if","locations":[{"start":{"line":57,"column":10},"end":{"line":64,"column":11}},{"start":{"line":57,"column":10},"end":{"line":64,"column":11}}],"line":57},"14":{"loc":{"start":{"line":58,"column":12},"end":{"line":60,"column":13}},"type":"if","locations":[{"start":{"line":58,"column":12},"end":{"line":60,"column":13}},{"start":{"line":58,"column":12},"end":{"line":60,"column":13}}],"line":58},"15":{"loc":{"start":{"line":58,"column":16},"end":{"line":58,"column":51}},"type":"binary-expr","locations":[{"start":{"line":58,"column":16},"end":{"line":58,"column":31}},{"start":{"line":58,"column":35},"end":{"line":58,"column":51}}],"line":58},"16":{"loc":{"start":{"line":61,"column":12},"end":{"line":63,"column":13}},"type":"if","locations":[{"start":{"line":61,"column":12},"end":{"line":63,"column":13}},{"start":{"line":61,"column":12},"end":{"line":63,"column":13}}],"line":61},"17":{"loc":{"start":{"line":61,"column":16},"end":{"line":61,"column":50}},"type":"binary-expr","locations":[{"start":{"line":61,"column":16},"end":{"line":61,"column":30}},{"start":{"line":61,"column":34},"end":{"line":61,"column":50}}],"line":61},"18":{"loc":{"start":{"line":68,"column":6},"end":{"line":70,"column":7}},"type":"if","locations":[{"start":{"line":68,"column":6},"end":{"line":70,"column":7}},{"start":{"line":68,"column":6},"end":{"line":70,"column":7}}],"line":68},"19":{"loc":{"start":{"line":71,"column":6},"end":{"line":87,"column":7}},"type":"if","locations":[{"start":{"line":71,"column":6},"end":{"line":87,"column":7}},{"start":{"line":71,"column":6},"end":{"line":87,"column":7}}],"line":71},"20":{"loc":{"start":{"line":72,"column":8},"end":{"line":86,"column":9}},"type":"if","locations":[{"start":{"line":72,"column":8},"end":{"line":86,"column":9}},{"start":{"line":72,"column":8},"end":{"line":86,"column":9}}],"line":72},"21":{"loc":{"start":{"line":73,"column":10},"end":{"line":81,"column":11}},"type":"if","locations":[{"start":{"line":73,"column":10},"end":{"line":81,"column":11}},{"start":{"line":73,"column":10},"end":{"line":81,"column":11}}],"line":73},"22":{"loc":{"start":{"line":74,"column":12},"end":{"line":78,"column":13}},"type":"if","locations":[{"start":{"line":74,"column":12},"end":{"line":78,"column":13}},{"start":{"line":74,"column":12},"end":{"line":78,"column":13}}],"line":74},"23":{"loc":{"start":{"line":75,"column":14},"end":{"line":77,"column":15}},"type":"if","locations":[{"start":{"line":75,"column":14},"end":{"line":77,"column":15}},{"start":{"line":75,"column":14},"end":{"line":77,"column":15}}],"line":75},"24":{"loc":{"start":{"line":83,"column":10},"end":{"line":85,"column":11}},"type":"if","locations":[{"start":{"line":83,"column":10},"end":{"line":85,"column":11}},{"start":{"line":83,"column":10},"end":{"line":85,"column":11}}],"line":83}},"s":{"0":10,"1":10,"2":10,"3":10,"4":0,"5":0,"6":0,"7":0,"8":0,"9":0,"10":0,"11":0,"12":0,"13":0,"14":0,"15":0,"16":0,"17":10,"18":10,"19":10,"20":10,"21":10,"22":10,"23":10,"24":4,"25":3,"26":2,"27":6,"28":5,"29":5,"30":4,"31":3,"32":4,"33":2,"34":10,"35":9,"36":10,"37":2,"38":2,"39":1,"40":1,"41":1,"42":1,"43":0,"44":0,"45":10,"46":1},"f":{"0":10,"1":0,"2":0,"3":0,"4":0,"5":10,"6":10},"b":{"0":[0,0],"1":[0,0],"2":[0,0],"3":[0,0],"4":[0,0],"5":[0,0],"6":[0,0],"7":[0],"8":[4,6],"9":[10,8],"10":[3,1],"11":[2,1],"12":[5,1],"13":[4,1],"14":[3,1],"15":[4,3],"16":[2,2],"17":[4,2],"18":[9,1],"19":[2,8],"20":[2,0],"21":[1,1],"22":[1,0],"23":[1,0],"24":[0,0]},"_coverageSchema":"43e27e138ebf9cfc5966b082cf9a028302ed4184","hash":"b810d45a76523490de37bc2503287acd12c7b0ae"}
}
