TN:
SF:/home/asatt003/internship_projects/Gilded_Rose/js-jest/src/gilded_rose.js
FN:2,(anonymous_0)
FN:9,(anonymous_1)
FN:21,(anonymous_2)
FN:28,(anonymous_3)
FN:32,(anonymous_4)
FN:38,(anonymous_5)
FN:42,(anonymous_6)
FNF:7
FNH:3
FNDA:10,(anonymous_0)
FNDA:0,(anonymous_1)
FNDA:0,(anonymous_2)
FNDA:0,(anonymous_3)
FNDA:0,(anonymous_4)
FNDA:10,(anonymous_5)
FNDA:10,(anonymous_6)
DA:3,10
DA:4,10
DA:5,10
DA:6,10
DA:10,0
DA:11,0
DA:12,0
DA:13,0
DA:14,0
DA:15,0
DA:16,0
DA:17,0
DA:22,0
DA:23,0
DA:25,0
DA:29,0
DA:33,0
DA:39,10
DA:43,10
DA:44,10
DA:45,10
DA:46,10
DA:48,10
DA:49,4
DA:50,3
DA:51,2
DA:55,6
DA:56,5
DA:57,5
DA:58,4
DA:59,3
DA:61,4
DA:62,2
DA:68,10
DA:69,9
DA:71,10
DA:72,2
DA:73,2
DA:74,1
DA:75,1
DA:76,1
DA:80,1
DA:83,0
DA:84,0
DA:90,10
DA:94,1
LF:46
LH:31
BRDA:10,0,0,0
BRDA:10,0,1,0
BRDA:12,1,0,0
BRDA:12,1,1,0
BRDA:14,2,0,0
BRDA:14,2,1,0
BRDA:16,3,0,0
BRDA:16,3,1,0
BRDA:22,4,0,0
BRDA:22,4,1,0
BRDA:29,5,0,0
BRDA:29,5,1,0
BRDA:33,6,0,0
BRDA:33,6,1,0
BRDA:38,7,0,0
BRDA:48,8,0,4
BRDA:48,8,1,6
BRDA:48,9,0,10
BRDA:48,9,1,8
BRDA:49,10,0,3
BRDA:49,10,1,1
BRDA:50,11,0,2
BRDA:50,11,1,1
BRDA:55,12,0,5
BRDA:55,12,1,1
BRDA:57,13,0,4
BRDA:57,13,1,1
BRDA:58,14,0,3
BRDA:58,14,1,1
BRDA:58,15,0,4
BRDA:58,15,1,3
BRDA:61,16,0,2
BRDA:61,16,1,2
BRDA:61,17,0,4
BRDA:61,17,1,2
BRDA:68,18,0,9
BRDA:68,18,1,1
BRDA:71,19,0,2
BRDA:71,19,1,8
BRDA:72,20,0,2
BRDA:72,20,1,0
BRDA:73,21,0,1
BRDA:73,21,1,1
BRDA:74,22,0,1
BRDA:74,22,1,0
BRDA:75,23,0,1
BRDA:75,23,1,0
BRDA:83,24,0,0
BRDA:83,24,1,0
BRF:49
BRH:29
end_of_record
